# JRE version: OpenJDK Runtime Environment (8.0_232-b09) (build 1.8.0_232-8u232-b09-0ubuntu1~16.04.1-b09)
# Java VM: OpenJDK 64-Bit Server VM (25.232-b09 mixed mode linux-amd64 compressed oops)
Heap:
 garbage-first heap   total 524288K, used 404992K [0x00000000e0000000, 0x00000000e0101000, 0x0000000100000000)
  region size 1024K, 143 young (146432K), 5 survivors (5120K)
 Metaspace       used 126524K, capacity 133849K, committed 133960K, reserved 1163264K
  class space    used 15909K, capacity 19282K, committed 19328K, reserved 1048576K
GC Heap History (10 events):
Event: 53.428 GC heap before
{Heap before GC invocations=48 (full 0):
 garbage-first heap   total 524288K, used 450047K [0x00000000e0000000, 0x00000000e0101000, 0x0000000100000000)
  region size 1024K, 254 young (260096K), 20 survivors (20480K)
 Metaspace       used 120543K, capacity 126777K, committed 126920K, reserved 1157120K
  class space    used 15291K, capacity 18387K, committed 18432K, reserved 1048576K
Event: 53.608 GC heap after
Heap after GC invocations=49 (full 0):
 garbage-first heap   total 524288K, used 228351K [0x00000000e0000000, 0x00000000e0101000, 0x0000000100000000)
  region size 1024K, 18 young (18432K), 18 survivors (18432K)
 Metaspace       used 120543K, capacity 126777K, committed 126920K, reserved 1157120K
  class space    used 15291K, capacity 18387K, committed 18432K, reserved 1048576K
}
Event: 53.904 GC heap before
{Heap before GC invocations=49 (full 0):
 garbage-first heap   total 524288K, used 452607K [0x00000000e0000000, 0x00000000e0101000, 0x0000000100000000)
  region size 1024K, 237 young (242688K), 18 survivors (18432K)
 Metaspace       used 120543K, capacity 126777K, committed 126920K, reserved 1157120K
  class space    used 15291K, capacity 18387K, committed 18432K, reserved 1048576K
Event: 54.012 GC heap after
Heap after GC invocations=50 (full 0):
 garbage-first heap   total 524288K, used 244736K [0x00000000e0000000, 0x00000000e0101000, 0x0000000100000000)
  region size 1024K, 17 young (17408K), 17 survivors (17408K)
 Metaspace       used 120543K, capacity 126777K, committed 126920K, reserved 1157120K
  class space    used 15291K, capacity 18387K, committed 18432K, reserved 1048576K
}
Event: 129.723 GC heap before
{Heap before GC invocations=50 (full 0):
 garbage-first heap   total 524288K, used 456373K [0x00000000e0000000, 0x00000000e0101000, 0x0000000100000000)
  region size 1024K, 220 young (225280K), 17 survivors (17408K)
 Metaspace       used 121309K, capacity 127673K, committed 127816K, reserved 1159168K
  class space    used 15392K, capacity 18526K, committed 18560K, reserved 1048576K
Event: 129.823 GC heap after
Heap after GC invocations=51 (full 0):
 garbage-first heap   total 524288K, used 264373K [0x00000000e0000000, 0x00000000e0101000, 0x0000000100000000)
  region size 1024K, 16 young (16384K), 16 survivors (16384K)
 Metaspace       used 121309K, capacity 127673K, committed 127816K, reserved 1159168K
  class space    used 15392K, capacity 18526K, committed 18560K, reserved 1048576K
}
Event: 129.857 GC heap before
{Heap before GC invocations=51 (full 0):
 garbage-first heap   total 524288K, used 266421K [0x00000000e0000000, 0x00000000e0101000, 0x0000000100000000)
  region size 1024K, 19 young (19456K), 16 survivors (16384K)
 Metaspace       used 121327K, capacity 127685K, committed 127816K, reserved 1159168K
  class space    used 15393K, capacity 18528K, committed 18560K, reserved 1048576K
Event: 129.929 GC heap after
Heap after GC invocations=52 (full 0):
 garbage-first heap   total 524288K, used 265397K [0x00000000e0000000, 0x00000000e0101000, 0x0000000100000000)
  region size 1024K, 1 young (1024K), 1 survivors (1024K)
 Metaspace       used 121327K, capacity 127685K, committed 127816K, reserved 1159168K
  class space    used 15393K, capacity 18528K, committed 18560K, reserved 1048576K
}
Event: 200.069 GC heap before
{Heap before GC invocations=53 (full 0):
 garbage-first heap   total 524288K, used 458079K [0x00000000e0000000, 0x00000000e0101000, 0x0000000100000000)
  region size 1024K, 185 young (189440K), 1 survivors (1024K)
 Metaspace       used 124987K, capacity 132155K, committed 132168K, reserved 1163264K
  class space    used 15815K, capacity 19064K, committed 19072K, reserved 1048576K
Event: 200.111 GC heap after
Heap after GC invocations=54 (full 0):
 garbage-first heap   total 524288K, used 264704K [0x00000000e0000000, 0x00000000e0101000, 0x0000000100000000)
  region size 1024K, 5 young (5120K), 5 survivors (5120K)
 Metaspace       used 124987K, capacity 132155K, committed 132168K, reserved 1163264K
  class space    used 15815K, capacity 19064K, committed 19072K, reserved 1048576K
}

